<?xml version="1.0" encoding="UTF-8"?>
<!-- Generated by org.testng.reporters.JUnitXMLReporter -->
<testsuite ignored="0" hostname="Vasundhara" failures="0" tests="3" name="Test" time="195.356" errors="0" timestamp="24 Nov 2020 21:06:02 GMT">
  <testcase classname="selenium.SeleniumTest" name="Scenario3Test" time="57.313"/>
  <testcase classname="selenium.SeleniumTest" name="Scenario4Test" time="53.035"/>
  <testcase classname="selenium.SeleniumTest" name="Scenario5Test" time="84.952"/>
</testsuite> <!-- Test -->
