<?xml version="1.0" encoding="UTF-8"?>
<testsuite xmlns:xsi="http://www.w3.org/2001/XMLSchema-instance" xsi:schemaLocation="https://maven.apache.org/surefire/maven-surefire-plugin/xsd/surefire-test-report.xsd" name="TestSuite" time="197.892" tests="3" errors="0" skipped="0" failures="0">
  <properties>
[...]
</properties>
  <testcase name="Scenario3Test" classname="selenium.SeleniumTest" time="57.314"/>
  <testcase name="Scenario4Test" classname="selenium.SeleniumTest" time="53.035"/>
  <testcase name="Scenario5Test" classname="selenium.SeleniumTest" time="84.947"/>
</testsuite>