<?xml version="1.0" encoding="UTF-8"?>
<testng-results ignored="0" total="3" passed="3" failed="0" skipped="0">
  <reporter-output>
  </reporter-output>
  <suite started-at="2020-11-24T21:02:47Z" name="Suite" finished-at="2020-11-24T21:06:02Z" duration-ms="195356">
    <groups>
    </groups>
    <test started-at="2020-11-24T21:02:47Z" name="Test" finished-at="2020-11-24T21:06:02Z" duration-ms="195356">
      <class name="selenium.SeleniumTest">
        <test-method signature="Scenario3Test()[pri:0, instance:selenium.SeleniumTest@5c86dbc5]" started-at="2020-11-24T21:02:47Z" name="Scenario3Test" finished-at="2020-11-24T21:03:44Z" duration-ms="57313" status="PASS">
          <reporter-output>
          </reporter-output>
        </test-method> <!-- Scenario3Test -->
        <test-method signature="Scenario4Test()[pri:0, instance:selenium.SeleniumTest@5c86dbc5]" started-at="2020-11-24T21:03:44Z" name="Scenario4Test" finished-at="2020-11-24T21:04:37Z" duration-ms="53035" status="PASS">
          <reporter-output>
          </reporter-output>
        </test-method> <!-- Scenario4Test -->
        <test-method signature="Scenario5Test()[pri:0, instance:selenium.SeleniumTest@5c86dbc5]" started-at="2020-11-24T21:04:37Z" name="Scenario5Test" finished-at="2020-11-24T21:06:02Z" duration-ms="84952" status="PASS">
          <reporter-output>
          </reporter-output>
        </test-method> <!-- Scenario5Test -->
      </class> <!-- selenium.SeleniumTest -->
    </test> <!-- Test -->
  </suite> <!-- Suite -->
</testng-results>
