<?xml version="1.0" encoding="UTF-8"?>
<!-- Generated by org.testng.reporters.JUnitXMLReporter -->
<testsuite hostname="Vasundhara" failures="3" tests="3" name="Test" time="0.099" errors="0" timestamp="24 Nov 2020 19:16:51 GMT">
  <testcase classname="selenium.SeleniumTest" name="Scenario3Test" time="0.073">
    <failure type="java.lang.IllegalStateException" message="The path to the driver executable must be set by the webdriver.chrome.driver system property; for more information, see https://github.com/SeleniumHQ/selenium/wiki/ChromeDriver. The latest version can be downloaded from http://chromedriver.storage.googleapis.com/index.html">
      <![CDATA[java.lang.IllegalStateException: The path to the driver executable must be set by the webdriver.chrome.driver system property; for more information, see https://github.com/SeleniumHQ/selenium/wiki/ChromeDriver. The latest version can be downloaded from http://chromedriver.storage.googleapis.com/index.html
	at com.google.common.base.Preconditions.checkState(Preconditions.java:847)
	at org.openqa.selenium.remote.service.DriverService.findExecutable(DriverService.java:134)
	at org.openqa.selenium.chrome.ChromeDriverService.access$000(ChromeDriverService.java:35)
	at org.openqa.selenium.chrome.ChromeDriverService$Builder.findDefaultExecutable(ChromeDriverService.java:159)
	at org.openqa.selenium.remote.service.DriverService$Builder.build(DriverService.java:355)
	at org.openqa.selenium.chrome.ChromeDriverService.createDefaultService(ChromeDriverService.java:94)
	at org.openqa.selenium.chrome.ChromeDriver.<init>(ChromeDriver.java:123)
	at selenium.SeleniumTest.Scenario3Test(SeleniumTest.java:30)
... Removed 24 stack frames]]>
    </failure>
  </testcase> <!-- Scenario3Test -->
  <testcase classname="selenium.SeleniumTest" name="Scenario4Test" time="0.001">
    <failure type="java.lang.NullPointerException" message="Cannot invoke &amp;quot;org.openqa.selenium.WebDriver.getWindowHandles()&amp;quot; because &amp;quot;this.driver&amp;quot; is null">
      <![CDATA[java.lang.NullPointerException: Cannot invoke "org.openqa.selenium.WebDriver.getWindowHandles()" because "this.driver" is null
	at selenium.SeleniumTest.Scenario4Test(SeleniumTest.java:107)
... Removed 24 stack frames]]>
    </failure>
  </testcase> <!-- Scenario4Test -->
  <testcase classname="selenium.SeleniumTest" name="Scenario5Test" time="0.004">
    <failure type="java.lang.NullPointerException" message="Cannot invoke &amp;quot;org.openqa.selenium.WebDriver.get(String)&amp;quot; because &amp;quot;this.driver&amp;quot; is null">
      <![CDATA[java.lang.NullPointerException: Cannot invoke "org.openqa.selenium.WebDriver.get(String)" because "this.driver" is null
	at selenium.SeleniumTest.Scenario5Test(SeleniumTest.java:157)
... Removed 24 stack frames]]>
    </failure>
  </testcase> <!-- Scenario5Test -->
</testsuite> <!-- Test -->
